"drag-coefficient-rfile"
"Iteration" "drag-coefficient"
("Iteration" "drag-coefficient")
1 0.0969175359317847
2 0.02200065092209729
3 0.01852620506172624
4 0.01571619014292227
5 0.01335599624237916
6 0.01178212499861006
7 0.01069564724000594
8 0.01000352580009704
9 0.009547882317854899
10 0.009255098135448414
11 0.009055381266644019
12 0.008913713228180711
13 0.008811030702272455
14 0.008734303787747862
15 0.008671013674910135
16 0.008615654462339776
17 0.008565229651684157
18 0.00852032803999348
19 0.008481719365068772
20 0.008447641054473853
21 0.0084178721222224
22 0.008389807969652281
23 0.008363224400978364
24 0.008338693726097733
25 0.008316287341207547
26 0.008295774117559072
27 0.008277127130992325
28 0.008261422001457856
29 0.008248643021254602
30 0.008238535829440112
31 0.008230592710230879
32 0.008225367507610134
33 0.008222214060711153
34 0.008220514602471547
35 0.008221113340860307
36 0.008225057131035817
37 0.008231322635870319
38 0.008236174542940622
39 0.008239287583725101
40 0.008241586764577678
41 0.008242655976490891
42 0.008242346239053367
43 0.008240850355144706
44 0.008238923738412047
45 0.008237216045580474
46 0.008235949411675903
47 0.008235283484816029
48 0.0082353308388109
49 0.008236301268655035
50 0.008238199095786587
51 0.008241165304125431
52 0.008244872959183405
53 0.008249784918119752
54 0.008256276996022724
55 0.008264696514958977
56 0.008274898860095156
57 0.008286596980653559
58 0.008299461524534672
59 0.008313388721162001
60 0.008327671534194451
61 0.008340082168863644
62 0.008349740977126024
63 0.008355070278131203
64 0.008355573719859639
65 0.008352606829039006
66 0.008347637040820796
67 0.00834151994326068
68 0.008335048677924143
69 0.008329515661069955
70 0.008325056021519665
71 0.00832212086703211
72 0.00832115714390024
73 0.008322538851868852
74 0.008326138532869879
75 0.008331116743057202
76 0.00833601541097905
77 0.008339796722140099
78 0.008341511163643374
79 0.008340863339998049
80 0.008338310644410721
81 0.008334433653511676
82 0.008330453354842593
83 0.008326589728449437
84 0.008323321397827016
85 0.008321538019440461
86 0.008322333465092716
87 0.008325578579488896
88 0.008330511502620468
89 0.008335907810403541
90 0.008340411928401875
91 0.008343068561848846
92 0.008343470924688788
93 0.008341852765781052
94 0.008338704227897257
95 0.008334570099154138
96 0.00833002928653369
97 0.008325363635942329
98 0.008320893389335402
99 0.008317468207382672
100 0.00831615225102586
101 0.008317438196964707
102 0.008321044096775049
103 0.008325975647671069
104 0.008330910364718619
105 0.008334564170320809
106 0.008336458705603492
107 0.008336096687174534
108 0.008333592987904379
109 0.008329806507864038
110 0.008325292528016587
111 0.008320186630109321
112 0.008315261882208134
113 0.008311754082863934
114 0.008310858429208595
115 0.008312853342163107
116 0.008317853871146483
117 0.008324677457033216
118 0.008330605804979758
119 0.008334579170374234
120 0.008336158517352232
121 0.008335002244919416
122 0.008331564139873748
123 0.008327157888157582
124 0.008322045860136627
125 0.008316089343252961
126 0.008310318833023351
127 0.008306226678227412
128 0.008304902214119367
129 0.00830708404230506
130 0.008312996916491502
131 0.008321626653949159
132 0.008329346283652488
133 0.008334363840969633
134 0.008336004941279772
135 0.008334632176153432
136 0.008330627677574092
137 0.008325697776395653
138 0.008319853860242251
139 0.008312954169787506
140 0.008306222723030783
141 0.00830084690159444
142 0.008298809340538728
143 0.008301249264412598
144 0.008308471402799002
145 0.008318484203498006
146 0.008327090557857216
147 0.008332886566918237
148 0.008335187923587889
149 0.008333911297711829
150 0.008329579595758982
151 0.008324022139063305
152 0.008317559342792772
153 0.008309842336141562
154 0.00830196668029865
155 0.008295108215575648
156 0.008292320244257393
157 0.008295246711066089
158 0.008303506368495457
159 0.008314640120136892
160 0.008324320648997343
161 0.008330249774289762
162 0.008332402161492549
163 0.00833097136389296
164 0.008326816824096977
165 0.008321272651831158
166 0.00831467263867002
167 0.008307095640123253
168 0.008298921620334103
169 0.008291697318657367
170 0.008288109733346387
171 0.008290650125631885
172 0.008298761567811546
173 0.008309766505370322
174 0.008319141150481917
175 0.008324923834026039
176 0.008327113664123493
177 0.008325910241910262
178 0.008322217753425057
179 0.00831685247355942
180 0.008310410031390094
181 0.008303746987072709
182 0.00829701623532662
183 0.008291918635814367
184 0.008289956551238167
185 0.008292777120327945
186 0.008299785881331531
187 0.008308860552954843
188 0.008316308325751436
189 0.008320593425649555
190 0.008321677156544994
191 0.008319922735326149
192 0.008316379457395577
193 0.00831144159885345
194 0.008305455376378097
195 0.008300181464099233
196 0.008295839658285757
197 0.008293424571477307
198 0.008293772088174131
199 0.008297373835280649
200 0.008303312759104661
201 0.008309277611136558
202 0.008313902179356104
203 0.008316187648998908
204 0.008316028359761089
205 0.008313855922228245
206 0.008310193377259642
207 0.00830568928754415
208 0.008301586530182471
209 0.008298583680661019
210 0.008296917710064664
211 0.008297142639064132
212 0.008299365683886983
213 0.008302932716325729
214 0.008307012551531852
215 0.008310426815806052
216 0.008312377291469148
217 0.008312478947384475
218 0.008310953994297968
219 0.008308082057282461
220 0.008304512238261598
221 0.008301239343037429
222 0.008298961229377184
223 0.008297955410586042
224 0.008298491577323179
225 0.008300556741224449
226 0.008303445077319957
227 0.008306538891061952
228 0.00830895683963926
229 0.008310201501309957
230 0.008310070453395164
231 0.008308794994942323
232 0.008306935596442581
233 0.008305129505024305
234 0.008303752519148611
235 0.008303089307443109
236 0.008303349541141321
237 0.008304544331231019
238 0.008306701491673698
239 0.008309477405103318
240 0.008312420731430554
241 0.008315050696147935
242 0.00831708611133262
243 0.008318403794474806
244 0.008319019702468729
245 0.008318977615931944
246 0.008318556169933947
247 0.008318001780129591
248 0.008317449263734306
249 0.008316894733623384
250 0.008316361538239786
251 0.008315829704032607
252 0.008315169706461102
253 0.008314287197042764
254 0.008313236299347972
255 0.008312145301777141
256 0.008311199220392369
257 0.008310519319584845
258 0.008310221016086016
259 0.008310351946439231
260 0.008310897789122754
261 0.008311693310877052
262 0.008312509008369382
263 0.008313288260642428
264 0.008314014642759866
265 0.008314744231018183
266 0.008315441800691813
267 0.008315996671590508
268 0.008316409374125523
269 0.00831662458132024
270 0.008316599225853113
271 0.008316375725616781
272 0.008316036539028411
273 0.00831556120433222
274 0.008314951843929053
275 0.008314190149152006
276 0.008313296778619219
277 0.008312346538765718
278 0.00831139778806462
279 0.008310528883266997
280 0.008309841796445902
281 0.008309313407592892
282 0.008308952397806789
283 0.008308874043132207
284 0.008309058381830846
285 0.008309509083314133
286 0.008310165122196862
287 0.008310949075853367
288 0.008311768071649718
289 0.008312613095935404
290 0.008313470574135578
291 0.008314293412827222
292 0.008315008543568203
293 0.008315581247685619
294 0.008315998865018033
295 0.008316251839578239
296 0.008316377043123963
297 0.008316382310692299
298 0.008316190339829509
299 0.008315783956468445
300 0.008315172117864426
301 0.008314354617845635
302 0.008313433858589129
303 0.008312479723341173
304 0.008311601357331836
305 0.008310844649042618
306 0.008310244443655275
307 0.008309790707435618
308 0.008309584500998352
309 0.008309640046561616
310 0.00830992958534528
311 0.008310390057686927
312 0.008310974117331464
313 0.008311616386303972
314 0.008312325094642106
315 0.008313085720991098
316 0.008313848880055047
317 0.00831457563545843
318 0.008315166185638219
319 0.008315598154810873
320 0.00831590207489802
321 0.008316081809388556
322 0.008316156602760912
323 0.00831607640596445
324 0.008315793140896454
325 0.008315312959986434
326 0.008314646225843169
327 0.008313857078293232
328 0.008312997719338881
329 0.008312153559017335
330 0.008311406488957698
331 0.008310804402820175
332 0.008310332327699642
333 0.008310054999312292
334 0.008309993294266437
335 0.008310174796932069
336 0.008310495674468829
337 0.008310921223455406
338 0.00831145536417802
339 0.00831205160151369
340 0.008312706974919766
341 0.008313404563312128
342 0.008314102140437369
343 0.008314740446000777
344 0.008315248687780189
345 0.008315626204421309
346 0.008315853453384231
347 0.008315979189191192
348 0.008315995951112065
349 0.008315848384229611
350 0.008315512625910191
351 0.008315004417327498
352 0.008314344087777682
353 0.008313595172247272
354 0.008312819297480385
355 0.008312076528163402
356 0.008311437307848125
357 0.008310944297272586
358 0.008310595444797121
359 0.008310435614791899
360 0.008310473078640255
361 0.008310670601990668
362 0.008310963457569839
363 0.008311358425949246
364 0.008311856192171349
365 0.008312406040133401
366 0.008313013396708221
367 0.008313643591739145
368 0.008314272222453374
369 0.008314843328130582
370 0.008315279677353231
371 0.008315581927901435
372 0.008315756160764199
373 0.008315838169152569
374 0.008315805797600561
375 0.008315616569746734
376 0.008315258583946938
377 0.00831474010910054
378 0.008314114840554453
379 0.00831343044316378
380 0.008312739778614919
381 0.008312101225849107
382 0.008311564836695194
383 0.008311169227313328
384 0.008310904682945578
385 0.008310814167447823
386 0.008310879764357234
387 0.008311068273035493
388 0.008311344660284497
389 0.008311714160831858
390 0.008312174489274913
391 0.008312690793964662
392 0.00831325269793912
393 0.008313838435568663
394 0.008314405782178111
395 0.008314898408509748
396 0.008315256946021534
397 0.008315488352360682
398 0.008315612522352732
399 0.008315650501381191
400 0.008315575699457473
401 0.008315359935933308
402 0.008314996694471657
403 0.008314498373487498
404 0.008313918939335306
405 0.00831330510969496
406 0.008312699873293404
407 0.008312160125536936
408 0.008311727074392703
409 0.008311422360539576
410 0.00831123353680693
411 0.00831118548345028
412 0.008311256563306228
413 0.008311426563553034
414 0.008311682311031137
415 0.008312022360192866
416 0.008312443027465654
417 0.008312920839975481
418 0.008313445870793803
419 0.008313991010435957
420 0.008314498748745961
421 0.008314918160809703
422 0.008315204194301875
423 0.008315385353732
424 0.008315467638475313
425 0.008315463274202716
426 0.008315356636124649
427 0.008315130012564023
428 0.008314771699070352
429 0.008314312715741309
430 0.008313793962552224
431 0.008313255306413032
432 0.008312736816505115
433 0.00831228424690782
434 0.008311932654408747
435 0.008311707779090197
436 0.008311577666127147
437 0.008311551463576154
438 0.008311619137210444
439 0.008311773684230297
440 0.008312007183975383
441 0.008312319666853812
442 0.00831269664963933
443 0.008313124843993814
444 0.008313603591270407
445 0.008314087097275658
446 0.008314520816649079
447 0.008314865558138484
448 0.008315108922602813
449 0.008315240587913541
450 0.008315273182927132
451 0.008315226535080922
452 0.008315094531811201
453 0.008314860789775632
454 0.008314530062004196
455 0.008314117635410059
456 0.008313661768246106
457 0.008313200916214175
458 0.00831277020344481
459 0.008312400127679028
460 0.008312122559069574
461 0.008311941702074959
462 0.008311851585564793
463 0.008311832531021196
464 0.008312082377039719
465 0.008312251372249455
466 0.008312266647245298
467 0.008312530492475706
468 0.008312848740624715
469 0.008313240562047198
470 0.008313673189083996
471 0.008314087501188972
472 0.008314442930529605
473 0.008314726979908094
474 0.008314927412253955
475 0.008315031305812867
476 0.008315052398302237
477 0.008315008710814715
478 0.00831489536182101
479 0.008314701418111555
480 0.008314422595803162
481 0.008314072774034714
482 0.008313682307625685
483 0.008313283859313703
484 0.00831291241321061
485 0.008312590424765245
486 0.008312340525626509
487 0.008312170757419355
488 0.008312083190825751
489 0.008312068427631502
490 0.008312296270978646
491 0.00831244663246475
492 0.008312467423628005
493 0.008312709464213558
494 0.00831299869754173
495 0.008313353387486825
496 0.008313737090266461
497 0.008314097007195485
498 0.008314407958714604
499 0.008314656767324125
500 0.008314837674694877
501 0.008314926719951149
502 0.008314932021761756
503 0.008314878944720336
504 0.008314770340882799
